<?xml version="1.0" encoding="UTF-8"?>
<!-- Generated by org.testng.reporters.JUnitXMLReporter -->
<testsuite hostname="Archana-PC" ignored="0" name="firefoxTest" tests="5" failures="2" timestamp="17 Dec 2019 03:15:53 GMT" time="175.376" errors="0">
  <testcase name="actitimeloginscript" time="0.984" classname="scripts.p1"/>
  <testcase name="pomactilogin" time="9.508" classname="scripts.p2"/>
  <testcase name="pomactilogin" time="2.738" classname="scripts.p3">
    <failure type="java.lang.IllegalArgumentException" message="Keys to send should be a not null CharSequence">
      <![CDATA[java.lang.IllegalArgumentException: Keys to send should be a not null CharSequence
at org.openqa.selenium.remote.RemoteWebElement.sendKeys(RemoteWebElement.java:97)
at org.openqa.selenium.support.pagefactory.internal.LocatingElementHandler.invoke(LocatingElementHandler.java:51)
at com.sun.proxy.$Proxy10.sendKeys(Unknown Source)
at pom.actitimelogin.setpassword(actitimelogin.java:41)
at scripts.p3.pomactilogin(p3.java:16)
at java.util.concurrent.FutureTask.run(Unknown Source)
at java.util.concurrent.ThreadPoolExecutor.runWorker(Unknown Source)
at java.util.concurrent.ThreadPoolExecutor$Worker.run(Unknown Source)
at java.lang.Thread.run(Unknown Source)
... Removed 20 stack frames]]>
    </failure>
  </testcase> <!-- pomactilogin -->
  <testcase name="pomactilogin" time="0.611" classname="scripts.p4">
    <failure type="java.lang.IllegalArgumentException" message="Keys to send should be a not null CharSequence">
      <![CDATA[java.lang.IllegalArgumentException: Keys to send should be a not null CharSequence
at org.openqa.selenium.remote.RemoteWebElement.sendKeys(RemoteWebElement.java:97)
at org.openqa.selenium.support.pagefactory.internal.LocatingElementHandler.invoke(LocatingElementHandler.java:51)
at com.sun.proxy.$Proxy10.sendKeys(Unknown Source)
at pom.actitimelogin.setpassword(actitimelogin.java:41)
at scripts.p4.pomactilogin(p4.java:17)
at java.util.concurrent.FutureTask.run(Unknown Source)
at java.util.concurrent.ThreadPoolExecutor.runWorker(Unknown Source)
at java.util.concurrent.ThreadPoolExecutor$Worker.run(Unknown Source)
at java.lang.Thread.run(Unknown Source)
... Removed 20 stack frames]]>
    </failure>
  </testcase> <!-- pomactilogin -->
  <testcase name="logout" time="12.736" classname="scripts.p5"/>
</testsuite> <!-- firefoxTest -->
